<?xml version="1.0" encoding="UTF-8"?>
<!-- Generated by org.testng.reporters.JUnitReportReporter -->
<testsuite hostname="Kab107-01" failures="0" tests="8" name="CalculatorTest" time="2.952" errors="0" timestamp="2024-03-21T09:49:10 EET" skipped="0">
  <testcase classname="CalculatorTest" name="userRegistrationPositive" time="0.598"/>
  <testcase classname="CalculatorTest" name="userRegistrationNegative" time="0.322"/>
  <testcase classname="CalculatorTest" name="userLoginNegative" time="0.225"/>
  <testcase classname="CalculatorTest" name="userLoginPositive" time="0.273"/>
  <testcase classname="CalculatorTest" name="createOperationPositive" time="0.600"/>
  <testcase classname="CalculatorTest" name="createOperationNegative" time="0.399"/>
  <testcase classname="CalculatorTest" name="searchOperationPositive" time="0.292"/>
  <testcase classname="CalculatorTest" name="searchOperationNegative" time="0.243"/>
</testsuite> <!-- CalculatorTest -->
